{
  "uid" : "b6277dbcf18e4458",
  "name" : "Create new pull request for authorized user",
  "fullName" : "io.qameta.allure.examples.junit5.PullRequestsWebTest.shouldCreatePullRequest",
  "historyId" : "5446a437f80f1e6780da390db18db141",
  "time" : {
    "start" : 1617328765510,
    "stop" : 1617328766519,
    "duration" : 1009
  },
  "description" : "",
  "status" : "broken",
  "statusMessage" : "Element not found for xpath [//div[@class='something']]",
  "statusTrace" : "java.lang.RuntimeException: Element not found for xpath [//div[@class='something']]\n\tat io.qameta.allure.examples.WebSteps.maybeThrowElementNotFoundException(WebSteps.java:101)\n\tat io.qameta.allure.examples.WebSteps.openPullRequestsPage(WebSteps.java:38)\n\tat io.qameta.allure.examples.junit5.PullRequestsWebTest.shouldCreatePullRequest(PullRequestsWebTest.java:36)\n\tat sun.reflect.NativeMethodAccessorImpl.invoke0(Native Method)\n\tat sun.reflect.NativeMethodAccessorImpl.invoke(NativeMethodAccessorImpl.java:62)\n\tat sun.reflect.DelegatingMethodAccessorImpl.invoke(DelegatingMethodAccessorImpl.java:43)\n\tat java.lang.reflect.Method.invoke(Method.java:498)\n\tat org.junit.platform.commons.util.ReflectionUtils.invokeMethod(ReflectionUtils.java:686)\n\tat org.junit.jupiter.engine.execution.MethodInvocation.proceed(MethodInvocation.java:60)\n\tat org.junit.jupiter.engine.execution.InvocationInterceptorChain$ValidatingInvocation.proceed(InvocationInterceptorChain.java:131)\n\tat org.junit.jupiter.api.extension.InvocationInterceptor.interceptTestMethod(InvocationInterceptor.java:117)\n\tat org.junit.jupiter.engine.execution.ExecutableInvoker$ReflectiveInterceptorCall.lambda$ofVoidMethod$0(ExecutableInvoker.java:115)\n\tat org.junit.jupiter.engine.execution.ExecutableInvoker.lambda$invoke$0(ExecutableInvoker.java:105)\n\tat org.junit.jupiter.engine.execution.InvocationInterceptorChain$InterceptedInvocation.proceed(InvocationInterceptorChain.java:106)\n\tat org.junit.jupiter.engine.extension.TimeoutExtension.intercept(TimeoutExtension.java:149)\n\tat org.junit.jupiter.engine.extension.TimeoutExtension.interceptTestableMethod(TimeoutExtension.java:140)\n\tat org.junit.jupiter.engine.extension.TimeoutExtension.interceptTestMethod(TimeoutExtension.java:84)\n\tat org.junit.jupiter.engine.execution.ExecutableInvoker$ReflectiveInterceptorCall.lambda$ofVoidMethod$0(ExecutableInvoker.java:115)\n\tat org.junit.jupiter.engine.execution.ExecutableInvoker.lambda$invoke$0(ExecutableInvoker.java:105)\n\tat org.junit.jupiter.engine.execution.InvocationInterceptorChain$InterceptedInvocation.proceed(InvocationInterceptorChain.java:106)\n\tat org.junit.jupiter.engine.execution.InvocationInterceptorChain.proceed(InvocationInterceptorChain.java:64)\n\tat org.junit.jupiter.engine.execution.InvocationInterceptorChain.chainAndInvoke(InvocationInterceptorChain.java:45)\n\tat org.junit.jupiter.engine.execution.InvocationInterceptorChain.invoke(InvocationInterceptorChain.java:37)\n\tat org.junit.jupiter.engine.execution.ExecutableInvoker.invoke(ExecutableInvoker.java:104)\n\tat org.junit.jupiter.engine.execution.ExecutableInvoker.invoke(ExecutableInvoker.java:98)\n\tat org.junit.jupiter.engine.descriptor.TestMethodTestDescriptor.lambda$invokeTestMethod$6(TestMethodTestDescriptor.java:212)\n\tat org.junit.platform.engine.support.hierarchical.ThrowableCollector.execute(ThrowableCollector.java:73)\n\tat org.junit.jupiter.engine.descriptor.TestMethodTestDescriptor.invokeTestMethod(TestMethodTestDescriptor.java:208)\n\tat org.junit.jupiter.engine.descriptor.TestMethodTestDescriptor.execute(TestMethodTestDescriptor.java:137)\n\tat org.junit.jupiter.engine.descriptor.TestMethodTestDescriptor.execute(TestMethodTestDescriptor.java:71)\n\tat org.junit.platform.engine.support.hierarchical.NodeTestTask.lambda$executeRecursively$5(NodeTestTask.java:135)\n\tat org.junit.platform.engine.support.hierarchical.ThrowableCollector.execute(ThrowableCollector.java:73)\n\tat org.junit.platform.engine.support.hierarchical.NodeTestTask.lambda$executeRecursively$7(NodeTestTask.java:125)\n\tat org.junit.platform.engine.support.hierarchical.Node.around(Node.java:135)\n\tat org.junit.platform.engine.support.hierarchical.NodeTestTask.lambda$executeRecursively$8(NodeTestTask.java:123)\n\tat org.junit.platform.engine.support.hierarchical.ThrowableCollector.execute(ThrowableCollector.java:73)\n\tat org.junit.platform.engine.support.hierarchical.NodeTestTask.executeRecursively(NodeTestTask.java:122)\n\tat org.junit.platform.engine.support.hierarchical.NodeTestTask.execute(NodeTestTask.java:80)\n\tat org.junit.platform.engine.support.hierarchical.ForkJoinPoolHierarchicalTestExecutorService$ExclusiveTask.compute(ForkJoinPoolHierarchicalTestExecutorService.java:171)\n\tat org.junit.platform.engine.support.hierarchical.ForkJoinPoolHierarchicalTestExecutorService.executeNonConcurrentTasks(ForkJoinPoolHierarchicalTestExecutorService.java:141)\n\tat org.junit.platform.engine.support.hierarchical.ForkJoinPoolHierarchicalTestExecutorService.invokeAll(ForkJoinPoolHierarchicalTestExecutorService.java:121)\n\tat org.junit.platform.engine.support.hierarchical.NodeTestTask.lambda$executeRecursively$5(NodeTestTask.java:139)\n\tat org.junit.platform.engine.support.hierarchical.ThrowableCollector.execute(ThrowableCollector.java:73)\n\tat org.junit.platform.engine.support.hierarchical.NodeTestTask.lambda$executeRecursively$7(NodeTestTask.java:125)\n\tat org.junit.platform.engine.support.hierarchical.Node.around(Node.java:135)\n\tat org.junit.platform.engine.support.hierarchical.NodeTestTask.lambda$executeRecursively$8(NodeTestTask.java:123)\n\tat org.junit.platform.engine.support.hierarchical.ThrowableCollector.execute(ThrowableCollector.java:73)\n\tat org.junit.platform.engine.support.hierarchical.NodeTestTask.executeRecursively(NodeTestTask.java:122)\n\tat org.junit.platform.engine.support.hierarchical.NodeTestTask.execute(NodeTestTask.java:80)\n\tat org.junit.platform.engine.support.hierarchical.ForkJoinPoolHierarchicalTestExecutorService$ExclusiveTask.compute(ForkJoinPoolHierarchicalTestExecutorService.java:171)\n\tat org.junit.platform.engine.support.hierarchical.ForkJoinPoolHierarchicalTestExecutorService.executeNonConcurrentTasks(ForkJoinPoolHierarchicalTestExecutorService.java:141)\n\tat org.junit.platform.engine.support.hierarchical.ForkJoinPoolHierarchicalTestExecutorService.invokeAll(ForkJoinPoolHierarchicalTestExecutorService.java:121)\n\tat org.junit.platform.engine.support.hierarchical.NodeTestTask.lambda$executeRecursively$5(NodeTestTask.java:139)\n\tat org.junit.platform.engine.support.hierarchical.ThrowableCollector.execute(ThrowableCollector.java:73)\n\tat org.junit.platform.engine.support.hierarchical.NodeTestTask.lambda$executeRecursively$7(NodeTestTask.java:125)\n\tat org.junit.platform.engine.support.hierarchical.Node.around(Node.java:135)\n\tat org.junit.platform.engine.support.hierarchical.NodeTestTask.lambda$executeRecursively$8(NodeTestTask.java:123)\n\tat org.junit.platform.engine.support.hierarchical.ThrowableCollector.execute(ThrowableCollector.java:73)\n\tat org.junit.platform.engine.support.hierarchical.NodeTestTask.executeRecursively(NodeTestTask.java:122)\n\tat org.junit.platform.engine.support.hierarchical.NodeTestTask.execute(NodeTestTask.java:80)\n\tat org.junit.platform.engine.support.hierarchical.ForkJoinPoolHierarchicalTestExecutorService$ExclusiveTask.compute(ForkJoinPoolHierarchicalTestExecutorService.java:171)\n\tat java.util.concurrent.RecursiveAction.exec(RecursiveAction.java:189)\n\tat java.util.concurrent.ForkJoinTask.doExec(ForkJoinTask.java:289)\n\tat java.util.concurrent.ForkJoinPool$WorkQueue.runTask(ForkJoinPool.java:1056)\n\tat java.util.concurrent.ForkJoinPool.runWorker(ForkJoinPool.java:1692)\n\tat java.util.concurrent.ForkJoinWorkerThread.run(ForkJoinWorkerThread.java:175)\n",
  "flaky" : false,
  "newFailed" : false,
  "beforeStages" : [ {
    "name" : "startDriver",
    "time" : {
      "start" : 1617328765512,
      "stop" : 1617328765512,
      "duration" : 0
    },
    "status" : "passed",
    "steps" : [ {
      "name" : "Starting web driver",
      "time" : {
        "start" : 1617328765512,
        "stop" : 1617328765512,
        "duration" : 0
      },
      "status" : "passed",
      "steps" : [ ],
      "attachments" : [ ],
      "parameters" : [ ],
      "stepsCount" : 0,
      "attachmentsCount" : 0,
      "shouldDisplayMessage" : false,
      "hasContent" : false
    } ],
    "attachments" : [ ],
    "parameters" : [ ],
    "stepsCount" : 1,
    "attachmentsCount" : 0,
    "shouldDisplayMessage" : false,
    "hasContent" : true
  } ],
  "testStage" : {
    "description" : "",
    "status" : "broken",
    "statusMessage" : "Element not found for xpath [//div[@class='something']]",
    "statusTrace" : "java.lang.RuntimeException: Element not found for xpath [//div[@class='something']]\n\tat io.qameta.allure.examples.WebSteps.maybeThrowElementNotFoundException(WebSteps.java:101)\n\tat io.qameta.allure.examples.WebSteps.openPullRequestsPage(WebSteps.java:38)\n\tat io.qameta.allure.examples.junit5.PullRequestsWebTest.shouldCreatePullRequest(PullRequestsWebTest.java:36)\n\tat sun.reflect.NativeMethodAccessorImpl.invoke0(Native Method)\n\tat sun.reflect.NativeMethodAccessorImpl.invoke(NativeMethodAccessorImpl.java:62)\n\tat sun.reflect.DelegatingMethodAccessorImpl.invoke(DelegatingMethodAccessorImpl.java:43)\n\tat java.lang.reflect.Method.invoke(Method.java:498)\n\tat org.junit.platform.commons.util.ReflectionUtils.invokeMethod(ReflectionUtils.java:686)\n\tat org.junit.jupiter.engine.execution.MethodInvocation.proceed(MethodInvocation.java:60)\n\tat org.junit.jupiter.engine.execution.InvocationInterceptorChain$ValidatingInvocation.proceed(InvocationInterceptorChain.java:131)\n\tat org.junit.jupiter.api.extension.InvocationInterceptor.interceptTestMethod(InvocationInterceptor.java:117)\n\tat org.junit.jupiter.engine.execution.ExecutableInvoker$ReflectiveInterceptorCall.lambda$ofVoidMethod$0(ExecutableInvoker.java:115)\n\tat org.junit.jupiter.engine.execution.ExecutableInvoker.lambda$invoke$0(ExecutableInvoker.java:105)\n\tat org.junit.jupiter.engine.execution.InvocationInterceptorChain$InterceptedInvocation.proceed(InvocationInterceptorChain.java:106)\n\tat org.junit.jupiter.engine.extension.TimeoutExtension.intercept(TimeoutExtension.java:149)\n\tat org.junit.jupiter.engine.extension.TimeoutExtension.interceptTestableMethod(TimeoutExtension.java:140)\n\tat org.junit.jupiter.engine.extension.TimeoutExtension.interceptTestMethod(TimeoutExtension.java:84)\n\tat org.junit.jupiter.engine.execution.ExecutableInvoker$ReflectiveInterceptorCall.lambda$ofVoidMethod$0(ExecutableInvoker.java:115)\n\tat org.junit.jupiter.engine.execution.ExecutableInvoker.lambda$invoke$0(ExecutableInvoker.java:105)\n\tat org.junit.jupiter.engine.execution.InvocationInterceptorChain$InterceptedInvocation.proceed(InvocationInterceptorChain.java:106)\n\tat org.junit.jupiter.engine.execution.InvocationInterceptorChain.proceed(InvocationInterceptorChain.java:64)\n\tat org.junit.jupiter.engine.execution.InvocationInterceptorChain.chainAndInvoke(InvocationInterceptorChain.java:45)\n\tat org.junit.jupiter.engine.execution.InvocationInterceptorChain.invoke(InvocationInterceptorChain.java:37)\n\tat org.junit.jupiter.engine.execution.ExecutableInvoker.invoke(ExecutableInvoker.java:104)\n\tat org.junit.jupiter.engine.execution.ExecutableInvoker.invoke(ExecutableInvoker.java:98)\n\tat org.junit.jupiter.engine.descriptor.TestMethodTestDescriptor.lambda$invokeTestMethod$6(TestMethodTestDescriptor.java:212)\n\tat org.junit.platform.engine.support.hierarchical.ThrowableCollector.execute(ThrowableCollector.java:73)\n\tat org.junit.jupiter.engine.descriptor.TestMethodTestDescriptor.invokeTestMethod(TestMethodTestDescriptor.java:208)\n\tat org.junit.jupiter.engine.descriptor.TestMethodTestDescriptor.execute(TestMethodTestDescriptor.java:137)\n\tat org.junit.jupiter.engine.descriptor.TestMethodTestDescriptor.execute(TestMethodTestDescriptor.java:71)\n\tat org.junit.platform.engine.support.hierarchical.NodeTestTask.lambda$executeRecursively$5(NodeTestTask.java:135)\n\tat org.junit.platform.engine.support.hierarchical.ThrowableCollector.execute(ThrowableCollector.java:73)\n\tat org.junit.platform.engine.support.hierarchical.NodeTestTask.lambda$executeRecursively$7(NodeTestTask.java:125)\n\tat org.junit.platform.engine.support.hierarchical.Node.around(Node.java:135)\n\tat org.junit.platform.engine.support.hierarchical.NodeTestTask.lambda$executeRecursively$8(NodeTestTask.java:123)\n\tat org.junit.platform.engine.support.hierarchical.ThrowableCollector.execute(ThrowableCollector.java:73)\n\tat org.junit.platform.engine.support.hierarchical.NodeTestTask.executeRecursively(NodeTestTask.java:122)\n\tat org.junit.platform.engine.support.hierarchical.NodeTestTask.execute(NodeTestTask.java:80)\n\tat org.junit.platform.engine.support.hierarchical.ForkJoinPoolHierarchicalTestExecutorService$ExclusiveTask.compute(ForkJoinPoolHierarchicalTestExecutorService.java:171)\n\tat org.junit.platform.engine.support.hierarchical.ForkJoinPoolHierarchicalTestExecutorService.executeNonConcurrentTasks(ForkJoinPoolHierarchicalTestExecutorService.java:141)\n\tat org.junit.platform.engine.support.hierarchical.ForkJoinPoolHierarchicalTestExecutorService.invokeAll(ForkJoinPoolHierarchicalTestExecutorService.java:121)\n\tat org.junit.platform.engine.support.hierarchical.NodeTestTask.lambda$executeRecursively$5(NodeTestTask.java:139)\n\tat org.junit.platform.engine.support.hierarchical.ThrowableCollector.execute(ThrowableCollector.java:73)\n\tat org.junit.platform.engine.support.hierarchical.NodeTestTask.lambda$executeRecursively$7(NodeTestTask.java:125)\n\tat org.junit.platform.engine.support.hierarchical.Node.around(Node.java:135)\n\tat org.junit.platform.engine.support.hierarchical.NodeTestTask.lambda$executeRecursively$8(NodeTestTask.java:123)\n\tat org.junit.platform.engine.support.hierarchical.ThrowableCollector.execute(ThrowableCollector.java:73)\n\tat org.junit.platform.engine.support.hierarchical.NodeTestTask.executeRecursively(NodeTestTask.java:122)\n\tat org.junit.platform.engine.support.hierarchical.NodeTestTask.execute(NodeTestTask.java:80)\n\tat org.junit.platform.engine.support.hierarchical.ForkJoinPoolHierarchicalTestExecutorService$ExclusiveTask.compute(ForkJoinPoolHierarchicalTestExecutorService.java:171)\n\tat org.junit.platform.engine.support.hierarchical.ForkJoinPoolHierarchicalTestExecutorService.executeNonConcurrentTasks(ForkJoinPoolHierarchicalTestExecutorService.java:141)\n\tat org.junit.platform.engine.support.hierarchical.ForkJoinPoolHierarchicalTestExecutorService.invokeAll(ForkJoinPoolHierarchicalTestExecutorService.java:121)\n\tat org.junit.platform.engine.support.hierarchical.NodeTestTask.lambda$executeRecursively$5(NodeTestTask.java:139)\n\tat org.junit.platform.engine.support.hierarchical.ThrowableCollector.execute(ThrowableCollector.java:73)\n\tat org.junit.platform.engine.support.hierarchical.NodeTestTask.lambda$executeRecursively$7(NodeTestTask.java:125)\n\tat org.junit.platform.engine.support.hierarchical.Node.around(Node.java:135)\n\tat org.junit.platform.engine.support.hierarchical.NodeTestTask.lambda$executeRecursively$8(NodeTestTask.java:123)\n\tat org.junit.platform.engine.support.hierarchical.ThrowableCollector.execute(ThrowableCollector.java:73)\n\tat org.junit.platform.engine.support.hierarchical.NodeTestTask.executeRecursively(NodeTestTask.java:122)\n\tat org.junit.platform.engine.support.hierarchical.NodeTestTask.execute(NodeTestTask.java:80)\n\tat org.junit.platform.engine.support.hierarchical.ForkJoinPoolHierarchicalTestExecutorService$ExclusiveTask.compute(ForkJoinPoolHierarchicalTestExecutorService.java:171)\n\tat java.util.concurrent.RecursiveAction.exec(RecursiveAction.java:189)\n\tat java.util.concurrent.ForkJoinTask.doExec(ForkJoinTask.java:289)\n\tat java.util.concurrent.ForkJoinPool$WorkQueue.runTask(ForkJoinPool.java:1056)\n\tat java.util.concurrent.ForkJoinPool.runWorker(ForkJoinPool.java:1692)\n\tat java.util.concurrent.ForkJoinWorkerThread.run(ForkJoinWorkerThread.java:175)\n",
    "steps" : [ {
      "name" : "Open pull requests page `allure-framework/allure2`",
      "time" : {
        "start" : 1617328765513,
        "stop" : 1617328766516,
        "duration" : 1003
      },
      "status" : "broken",
      "statusMessage" : "Element not found for xpath [//div[@class='something']]",
      "statusTrace" : "java.lang.RuntimeException: Element not found for xpath [//div[@class='something']]\n\tat io.qameta.allure.examples.WebSteps.maybeThrowElementNotFoundException(WebSteps.java:101)\n\tat io.qameta.allure.examples.WebSteps.openPullRequestsPage(WebSteps.java:38)\n\tat io.qameta.allure.examples.junit5.PullRequestsWebTest.shouldCreatePullRequest(PullRequestsWebTest.java:36)\n\tat sun.reflect.NativeMethodAccessorImpl.invoke0(Native Method)\n\tat sun.reflect.NativeMethodAccessorImpl.invoke(NativeMethodAccessorImpl.java:62)\n\tat sun.reflect.DelegatingMethodAccessorImpl.invoke(DelegatingMethodAccessorImpl.java:43)\n\tat java.lang.reflect.Method.invoke(Method.java:498)\n\tat org.junit.platform.commons.util.ReflectionUtils.invokeMethod(ReflectionUtils.java:686)\n\tat org.junit.jupiter.engine.execution.MethodInvocation.proceed(MethodInvocation.java:60)\n\tat org.junit.jupiter.engine.execution.InvocationInterceptorChain$ValidatingInvocation.proceed(InvocationInterceptorChain.java:131)\n\tat org.junit.jupiter.api.extension.InvocationInterceptor.interceptTestMethod(InvocationInterceptor.java:117)\n\tat org.junit.jupiter.engine.execution.ExecutableInvoker$ReflectiveInterceptorCall.lambda$ofVoidMethod$0(ExecutableInvoker.java:115)\n\tat org.junit.jupiter.engine.execution.ExecutableInvoker.lambda$invoke$0(ExecutableInvoker.java:105)\n\tat org.junit.jupiter.engine.execution.InvocationInterceptorChain$InterceptedInvocation.proceed(InvocationInterceptorChain.java:106)\n\tat org.junit.jupiter.engine.extension.TimeoutExtension.intercept(TimeoutExtension.java:149)\n\tat org.junit.jupiter.engine.extension.TimeoutExtension.interceptTestableMethod(TimeoutExtension.java:140)\n\tat org.junit.jupiter.engine.extension.TimeoutExtension.interceptTestMethod(TimeoutExtension.java:84)\n\tat org.junit.jupiter.engine.execution.ExecutableInvoker$ReflectiveInterceptorCall.lambda$ofVoidMethod$0(ExecutableInvoker.java:115)\n\tat org.junit.jupiter.engine.execution.ExecutableInvoker.lambda$invoke$0(ExecutableInvoker.java:105)\n\tat org.junit.jupiter.engine.execution.InvocationInterceptorChain$InterceptedInvocation.proceed(InvocationInterceptorChain.java:106)\n\tat org.junit.jupiter.engine.execution.InvocationInterceptorChain.proceed(InvocationInterceptorChain.java:64)\n\tat org.junit.jupiter.engine.execution.InvocationInterceptorChain.chainAndInvoke(InvocationInterceptorChain.java:45)\n\tat org.junit.jupiter.engine.execution.InvocationInterceptorChain.invoke(InvocationInterceptorChain.java:37)\n\tat org.junit.jupiter.engine.execution.ExecutableInvoker.invoke(ExecutableInvoker.java:104)\n\tat org.junit.jupiter.engine.execution.ExecutableInvoker.invoke(ExecutableInvoker.java:98)\n\tat org.junit.jupiter.engine.descriptor.TestMethodTestDescriptor.lambda$invokeTestMethod$6(TestMethodTestDescriptor.java:212)\n\tat org.junit.platform.engine.support.hierarchical.ThrowableCollector.execute(ThrowableCollector.java:73)\n\tat org.junit.jupiter.engine.descriptor.TestMethodTestDescriptor.invokeTestMethod(TestMethodTestDescriptor.java:208)\n\tat org.junit.jupiter.engine.descriptor.TestMethodTestDescriptor.execute(TestMethodTestDescriptor.java:137)\n\tat org.junit.jupiter.engine.descriptor.TestMethodTestDescriptor.execute(TestMethodTestDescriptor.java:71)\n\tat org.junit.platform.engine.support.hierarchical.NodeTestTask.lambda$executeRecursively$5(NodeTestTask.java:135)\n\tat org.junit.platform.engine.support.hierarchical.ThrowableCollector.execute(ThrowableCollector.java:73)\n\tat org.junit.platform.engine.support.hierarchical.NodeTestTask.lambda$executeRecursively$7(NodeTestTask.java:125)\n\tat org.junit.platform.engine.support.hierarchical.Node.around(Node.java:135)\n\tat org.junit.platform.engine.support.hierarchical.NodeTestTask.lambda$executeRecursively$8(NodeTestTask.java:123)\n\tat org.junit.platform.engine.support.hierarchical.ThrowableCollector.execute(ThrowableCollector.java:73)\n\tat org.junit.platform.engine.support.hierarchical.NodeTestTask.executeRecursively(NodeTestTask.java:122)\n\tat org.junit.platform.engine.support.hierarchical.NodeTestTask.execute(NodeTestTask.java:80)\n\tat org.junit.platform.engine.support.hierarchical.ForkJoinPoolHierarchicalTestExecutorService$ExclusiveTask.compute(ForkJoinPoolHierarchicalTestExecutorService.java:171)\n\tat org.junit.platform.engine.support.hierarchical.ForkJoinPoolHierarchicalTestExecutorService.executeNonConcurrentTasks(ForkJoinPoolHierarchicalTestExecutorService.java:141)\n\tat org.junit.platform.engine.support.hierarchical.ForkJoinPoolHierarchicalTestExecutorService.invokeAll(ForkJoinPoolHierarchicalTestExecutorService.java:121)\n\tat org.junit.platform.engine.support.hierarchical.NodeTestTask.lambda$executeRecursively$5(NodeTestTask.java:139)\n\tat org.junit.platform.engine.support.hierarchical.ThrowableCollector.execute(ThrowableCollector.java:73)\n\tat org.junit.platform.engine.support.hierarchical.NodeTestTask.lambda$executeRecursively$7(NodeTestTask.java:125)\n\tat org.junit.platform.engine.support.hierarchical.Node.around(Node.java:135)\n\tat org.junit.platform.engine.support.hierarchical.NodeTestTask.lambda$executeRecursively$8(NodeTestTask.java:123)\n\tat org.junit.platform.engine.support.hierarchical.ThrowableCollector.execute(ThrowableCollector.java:73)\n\tat org.junit.platform.engine.support.hierarchical.NodeTestTask.executeRecursively(NodeTestTask.java:122)\n\tat org.junit.platform.engine.support.hierarchical.NodeTestTask.execute(NodeTestTask.java:80)\n\tat org.junit.platform.engine.support.hierarchical.ForkJoinPoolHierarchicalTestExecutorService$ExclusiveTask.compute(ForkJoinPoolHierarchicalTestExecutorService.java:171)\n\tat org.junit.platform.engine.support.hierarchical.ForkJoinPoolHierarchicalTestExecutorService.executeNonConcurrentTasks(ForkJoinPoolHierarchicalTestExecutorService.java:141)\n\tat org.junit.platform.engine.support.hierarchical.ForkJoinPoolHierarchicalTestExecutorService.invokeAll(ForkJoinPoolHierarchicalTestExecutorService.java:121)\n\tat org.junit.platform.engine.support.hierarchical.NodeTestTask.lambda$executeRecursively$5(NodeTestTask.java:139)\n\tat org.junit.platform.engine.support.hierarchical.ThrowableCollector.execute(ThrowableCollector.java:73)\n\tat org.junit.platform.engine.support.hierarchical.NodeTestTask.lambda$executeRecursively$7(NodeTestTask.java:125)\n\tat org.junit.platform.engine.support.hierarchical.Node.around(Node.java:135)\n\tat org.junit.platform.engine.support.hierarchical.NodeTestTask.lambda$executeRecursively$8(NodeTestTask.java:123)\n\tat org.junit.platform.engine.support.hierarchical.ThrowableCollector.execute(ThrowableCollector.java:73)\n\tat org.junit.platform.engine.support.hierarchical.NodeTestTask.executeRecursively(NodeTestTask.java:122)\n\tat org.junit.platform.engine.support.hierarchical.NodeTestTask.execute(NodeTestTask.java:80)\n\tat org.junit.platform.engine.support.hierarchical.ForkJoinPoolHierarchicalTestExecutorService$ExclusiveTask.compute(ForkJoinPoolHierarchicalTestExecutorService.java:171)\n\tat java.util.concurrent.RecursiveAction.exec(RecursiveAction.java:189)\n\tat java.util.concurrent.ForkJoinTask.doExec(ForkJoinTask.java:289)\n\tat java.util.concurrent.ForkJoinPool$WorkQueue.runTask(ForkJoinPool.java:1056)\n\tat java.util.concurrent.ForkJoinPool.runWorker(ForkJoinPool.java:1692)\n\tat java.util.concurrent.ForkJoinWorkerThread.run(ForkJoinWorkerThread.java:175)\n",
      "steps" : [ ],
      "attachments" : [ {
        "uid" : "7e6aa9d60d48563c",
        "name" : "Page",
        "source" : "7e6aa9d60d48563c.html",
        "type" : "text/html",
        "size" : 1141
      } ],
      "parameters" : [ {
        "name" : "owner",
        "value" : "allure-framework"
      }, {
        "name" : "repo",
        "value" : "allure2"
      } ],
      "stepsCount" : 0,
      "attachmentsCount" : 1,
      "shouldDisplayMessage" : true,
      "hasContent" : true
    } ],
    "attachments" : [ ],
    "parameters" : [ ],
    "stepsCount" : 1,
    "attachmentsCount" : 1,
    "shouldDisplayMessage" : false,
    "hasContent" : true
  },
  "afterStages" : [ {
    "name" : "stopDriver",
    "time" : {
      "start" : 1617328766518,
      "stop" : 1617328766518,
      "duration" : 0
    },
    "status" : "passed",
    "steps" : [ {
      "name" : "Stopping web driver",
      "time" : {
        "start" : 1617328766518,
        "stop" : 1617328766518,
        "duration" : 0
      },
      "status" : "passed",
      "steps" : [ ],
      "attachments" : [ ],
      "parameters" : [ ],
      "stepsCount" : 0,
      "attachmentsCount" : 0,
      "shouldDisplayMessage" : false,
      "hasContent" : false
    } ],
    "attachments" : [ ],
    "parameters" : [ ],
    "stepsCount" : 1,
    "attachmentsCount" : 0,
    "shouldDisplayMessage" : false,
    "hasContent" : true
  } ],
  "labels" : [ {
    "name" : "tag",
    "value" : "web"
  }, {
    "name" : "tag",
    "value" : "regress"
  }, {
    "name" : "tag",
    "value" : "smoke"
  }, {
    "name" : "layer",
    "value" : "web"
  }, {
    "name" : "owner",
    "value" : "eroshenkoam"
  }, {
    "name" : "page",
    "value" : "/{org}/{repo}/pulls"
  }, {
    "name" : "feature",
    "value" : "Pull Requests"
  }, {
    "name" : "story",
    "value" : "Create new pull request"
  }, {
    "name" : "jira",
    "value" : "AE-2"
  }, {
    "name" : "jira",
    "value" : "AE-1"
  }, {
    "name" : "host",
    "value" : "fv-az292-829"
  }, {
    "name" : "thread",
    "value" : "1949@fv-az292-829.ForkJoinPool-1-worker-1(12)"
  }, {
    "name" : "framework",
    "value" : "junit-platform"
  }, {
    "name" : "language",
    "value" : "java"
  }, {
    "name" : "package",
    "value" : "io.qameta.allure.examples.junit5.PullRequestsWebTest"
  }, {
    "name" : "testClass",
    "value" : "io.qameta.allure.examples.junit5.PullRequestsWebTest"
  }, {
    "name" : "testMethod",
    "value" : "shouldCreatePullRequest"
  }, {
    "name" : "suite",
    "value" : "io.qameta.allure.examples.junit5.PullRequestsWebTest"
  }, {
    "name" : "resultFormat",
    "value" : "allure2"
  } ],
  "parameters" : [ ],
  "links" : [ ],
  "hidden" : false,
  "retry" : false,
  "extra" : {
    "severity" : "normal",
    "owner" : "eroshenkoam",
    "retries" : [ ],
    "categories" : [ {
      "name" : "Test defects",
      "matchedStatuses" : [ ],
      "flaky" : false
    } ],
    "history" : {
      "statistic" : {
        "failed" : 2,
        "broken" : 12,
        "skipped" : 0,
        "passed" : 33,
        "unknown" : 0,
        "total" : 47
      },
      "items" : [ {
        "uid" : "2d62c475b167983c",
        "reportUrl" : "https://simple-elf.github.io/github-allure-history/142//#testresult/2d62c475b167983c",
        "status" : "passed",
        "time" : {
          "start" : 1617326782205,
          "stop" : 1617326784211,
          "duration" : 2006
        }
      }, {
        "uid" : "6309d524b3f5a551",
        "reportUrl" : "https://simple-elf.github.io/github-allure-history/141//#testresult/6309d524b3f5a551",
        "status" : "passed",
        "time" : {
          "start" : 1617324834552,
          "stop" : 1617324836557,
          "duration" : 2005
        }
      }, {
        "uid" : "46d69050f2ad5cef",
        "reportUrl" : "https://simple-elf.github.io/github-allure-history/140//#testresult/46d69050f2ad5cef",
        "status" : "passed",
        "time" : {
          "start" : 1617323391357,
          "stop" : 1617323393364,
          "duration" : 2007
        }
      }, {
        "uid" : "2264c0b1b9912e9f",
        "reportUrl" : "https://simple-elf.github.io/github-allure-history/139//#testresult/2264c0b1b9912e9f",
        "status" : "passed",
        "time" : {
          "start" : 1617321794089,
          "stop" : 1617321796096,
          "duration" : 2007
        }
      }, {
        "uid" : "f9e957e1fde98250",
        "reportUrl" : "https://simple-elf.github.io/github-allure-history/138//#testresult/f9e957e1fde98250",
        "status" : "passed",
        "time" : {
          "start" : 1617320910401,
          "stop" : 1617320912410,
          "duration" : 2009
        }
      }, {
        "uid" : "57b6d5c34c5b8998",
        "reportUrl" : "https://simple-elf.github.io/github-allure-history/137//#testresult/57b6d5c34c5b8998",
        "status" : "passed",
        "time" : {
          "start" : 1617319878243,
          "stop" : 1617319880253,
          "duration" : 2010
        }
      }, {
        "uid" : "672f8aaf1a6914f7",
        "reportUrl" : "https://simple-elf.github.io/github-allure-history/136//#testresult/672f8aaf1a6914f7",
        "status" : "broken",
        "statusDetails" : "Element not found for xpath [//div[@class='something']]",
        "time" : {
          "start" : 1617318893542,
          "stop" : 1617318895552,
          "duration" : 2010
        }
      }, {
        "uid" : "b54e025d8f2ed3a5",
        "reportUrl" : "https://simple-elf.github.io/github-allure-history/135//#testresult/b54e025d8f2ed3a5",
        "status" : "broken",
        "statusDetails" : "Selenium timeout: selenium unavailable now",
        "time" : {
          "start" : 1617317801665,
          "stop" : 1617317803676,
          "duration" : 2011
        }
      }, {
        "uid" : "597b11e0e28966b8",
        "reportUrl" : "https://simple-elf.github.io/github-allure-history/134//#testresult/597b11e0e28966b8",
        "status" : "failed",
        "statusDetails" : "expected: <new-feature> but was: <another text>",
        "time" : {
          "start" : 1617316510117,
          "stop" : 1617316512135,
          "duration" : 2018
        }
      }, {
        "uid" : "3c9697cd07d32e1c",
        "reportUrl" : "https://simple-elf.github.io/github-allure-history/129//#testresult/3c9697cd07d32e1c",
        "status" : "broken",
        "statusDetails" : "Element not found for xpath [//div[@class='something']]",
        "time" : {
          "start" : 1617312814287,
          "stop" : 1617312815298,
          "duration" : 1011
        }
      }, {
        "uid" : "6f2b91af95b7a873",
        "reportUrl" : "https://simple-elf.github.io/github-allure-history/128//#testresult/6f2b91af95b7a873",
        "status" : "broken",
        "statusDetails" : "Selenium timeout: selenium unavailable now",
        "time" : {
          "start" : 1617311876395,
          "stop" : 1617311876397,
          "duration" : 2
        }
      }, {
        "uid" : "114d68ba30141455",
        "reportUrl" : "https://simple-elf.github.io/github-allure-history/127//#testresult/114d68ba30141455",
        "status" : "passed",
        "time" : {
          "start" : 1617311166817,
          "stop" : 1617311168824,
          "duration" : 2007
        }
      }, {
        "uid" : "72c27a3c399f4a70",
        "reportUrl" : "https://simple-elf.github.io/github-allure-history/126//#testresult/72c27a3c399f4a70",
        "status" : "failed",
        "statusDetails" : "expected: <new-feature> but was: <another text>",
        "time" : {
          "start" : 1617310618758,
          "stop" : 1617310620774,
          "duration" : 2016
        }
      }, {
        "uid" : "d0808fd6796353d2",
        "reportUrl" : "https://simple-elf.github.io/github-allure-history/125//#testresult/d0808fd6796353d2",
        "status" : "passed",
        "time" : {
          "start" : 1617310197798,
          "stop" : 1617310199803,
          "duration" : 2005
        }
      }, {
        "uid" : "b11db06f1935175e",
        "reportUrl" : "https://simple-elf.github.io/github-allure-history/124//#testresult/b11db06f1935175e",
        "status" : "passed",
        "time" : {
          "start" : 1617309642573,
          "stop" : 1617309644582,
          "duration" : 2009
        }
      }, {
        "uid" : "e07f3fe8fce6e18f",
        "reportUrl" : "https://simple-elf.github.io/github-allure-history/123//#testresult/e07f3fe8fce6e18f",
        "status" : "passed",
        "time" : {
          "start" : 1617309023518,
          "stop" : 1617309025523,
          "duration" : 2005
        }
      }, {
        "uid" : "6a675904a62a4c56",
        "reportUrl" : "https://simple-elf.github.io/github-allure-history/122//#testresult/6a675904a62a4c56",
        "status" : "broken",
        "statusDetails" : "Element not found for xpath [//div[@class='something']]",
        "time" : {
          "start" : 1617308176806,
          "stop" : 1617308177815,
          "duration" : 1009
        }
      }, {
        "uid" : "38a1a6c4d35179fa",
        "reportUrl" : "https://simple-elf.github.io/github-allure-history/121//#testresult/38a1a6c4d35179fa",
        "status" : "passed",
        "time" : {
          "start" : 1617307481282,
          "stop" : 1617307483286,
          "duration" : 2004
        }
      }, {
        "uid" : "a198a5ce90049a09",
        "reportUrl" : "https://simple-elf.github.io/github-allure-history/120//#testresult/a198a5ce90049a09",
        "status" : "passed",
        "time" : {
          "start" : 1617306968233,
          "stop" : 1617306970237,
          "duration" : 2004
        }
      }, {
        "uid" : "9f5b7887a0b82a80",
        "reportUrl" : "https://simple-elf.github.io/github-allure-history/119//#testresult/9f5b7887a0b82a80",
        "status" : "passed",
        "time" : {
          "start" : 1617306534185,
          "stop" : 1617306536192,
          "duration" : 2007
        }
      } ]
    },
    "tags" : [ "web", "regress", "smoke" ]
  },
  "source" : "b6277dbcf18e4458.json",
  "parameterValues" : [ ]
}